P16 assembler v1.4.0 (Mar  6 2023)	c:\Users\ammit\Desktop\ISEL\2223\LEIC\s2\AC\AC\lab02\lab02.lst	Fri Apr 07 16:33:56 2023

Sections
Index   Name            Address   Size
0       .text           0000      000C 12
1       .data           000C      0004 4

Symbols
Name                    Type      Value       Section
loop                    LABEL     0002 2      .text
var1                    LABEL     000C 12     .data
var2                    LABEL     000D 13     .data
var2_addr               LABEL     000A 10     .text
var3                    LABEL     000E 14     .data

Code listing
   1           	; -----------------------------------------------------------------------------
   2           	; Ficheiro:  lab02.S
   3           	; Descricao: Codigo de suporte a realizacao da 2a atividade laboratorial de AC.
   4           	; Autor:     Tiago M Dias (tiago.dias@isel.pt)
   5           	; Data:      15-04-2022
   6           	; -----------------------------------------------------------------------------
   7           	
   8           		.text
   9 0000 40 0C		ldr	r0, var2_addr
  10           	loop:
  11 0002 01 08		ldrb	r1, [r0, #0] ;5
  12 0004 91 A0		add	r1, r1, #1		 ;4
  13 0006 01 28		strb	r1, [r0, #0] ;5
  14 0008 FC 5B		b	loop 			 ;3
  15           	
  16           	var2_addr:
  17 000A 0D 00		.word var2
  18           	
  19           		.data
  20           	var1:
  21 000C AC		.byte 0xAC
  22           	var2:
  23 000D 7E		.byte 126
  24           	var3:
  25 000E 22 20		.word 0x2022
