P16 assembler v1.4.0 (Mar  6 2023)	.\timer.lst	Wed May 10 13:31:19 2023

Sections
Index   Name            Address   Size
0       .startup        0000      000C 12
1       .text           000C      0060 96
2       .data           006C      0001 1
3       .bbs            006E      0000 0
4       .stack          006E      0040 64

Symbols
Name                    Type      Value       Section
_start                  LABEL     0004 4      .startup
line#13                 LABEL     0002 2      .startup
loop_off                LABEL     0028 40     .text
loop_on                 LABEL     001E 30     .text
main                    LABEL     000C 12     .text
main_addr               LABEL     000A 10     .startup
outport_addr            LABEL     0068 104    .text
OUTPORT_ADDRESS         ABSOLUTE  FFC0 65472  .startup
outport_init            LABEL     005E 94     .text
outport_status          LABEL     006C 108    .data
outport_status_addr     LABEL     006A 106    .text
outport_write           LABEL     0058 88     .text
PTC_ADDRESS             ABSOLUTE  FF40 65344  .startup
ptc_elapsed             LABEL     0058 88     .text
ptc_get_value           LABEL     0050 80     .text
ptc_init                LABEL     0048 72     .text
ptc_start               LABEL     0034 52     .text
ptc_stop                LABEL     003E 62     .text
PTC_TC                  ABSOLUTE  0004 4      .startup
PTC_TCR                 ABSOLUTE  0000 0      .startup
PTC_TIR                 ABSOLUTE  0006 6      .startup
PTC_TMR                 ABSOLUTE  0002 2      .startup
STACK_SIZE              ABSOLUTE  0040 64     .startup
tos                     LABEL     00AE 174    .stack
tos_addr                LABEL     0008 8      .startup

Code listing
   1           	;pTC = FF40 - FF7F 10Hz
   2           	;pisca com freq 1Hz -> 1 sec -> 0.5 on 0.5 off
   3          	.equ STACK_SIZE, 64
   4          	.equ PTC_ADDRESS, 0xFF40
   5          	.equ PTC_TCR, 0x00
   6          	.equ PTC_TMR, 0x02
   7          	.equ PTC_TC, 0x04
   8          	.equ PTC_TIR, 0x06
   9          	.equ OUTPORT_ADDRESS, 0xFFC0
  10           	
  11           	.section .startup
  12 0000 01 58	    b _start
  13 0002 FF 5B	    b .
  14           	
  15           	_start:
  16 0004 1D 0C	    ldr sp, tos_addr
  17 0006 1F 0C	    ldr pc, main_addr
  18           	
  19           	tos_addr:
  20 0008 AE 00	    .word tos
  21           	main_addr:
  22 000A 0C 00	    .word main
  23           	
  24           	.text
  25           	main:
  26 000C 00 60	    mov r0, #0
  27 000E 27 5C	    bl outport_init
  28 0010 16 5C	    bl ptc_stop
  29 0012 50 60	    mov r0, #5
  30 0014 04 B0	    mov r4, r0
  31 0016 18 5C	    bl ptc_init
  32 0018 0D 5C	    bl ptc_start
  33 001A 10 60	    mov r0, #1
  34 001C 1D 5C	    bl outport_write
  35           	
  36           	loop_on:
  37 001E 18 5C	    bl ptc_get_value
  38 0020 00 BA	    cmp r0, r4
  39 0022 FD 47	    bne loop_on
  40 0024 00 60	    mov r0, #0
  41 0026 18 5C	    bl outport_write
  42           	
  43           	loop_off:
  44 0028 13 5C	    bl ptc_get_value
  45 002A 00 BA	    cmp r0, r4
  46 002C FD 47	    bne loop_off
  47 002E 10 60	    mov r0, #1
  48 0030 13 5C	    bl outport_write
  49 0032 F5 5B	    b loop_on
  50           	
  51           	ptc_start:
  52 0034 00 60	    mov r0, #0
  53 0036 01 64	    mov r1, #PTC_ADDRESS & 0xFF
  54 0038 F1 7F	    movt r1, #(PTC_ADDRESS >> 8) & 0xFF
  55 003A 10 28	    strb r0, [r1, #PTC_TCR]
  56 003C 0F B7	    mov pc, lr
  57           	
  58           	ptc_stop:;TCR = 1
  59 003E 10 60	    mov r0, #1
  60 0040 01 64	    mov r1, #PTC_ADDRESS & 0xFF
  61 0042 F1 7F	    movt r1, #(PTC_ADDRESS >> 8) & 0xFF
  62 0044 10 28	    strb r0, [r1, #PTC_TCR]
  63 0046 0F B7	    mov pc, lr
  64           	
  65           	ptc_init:;TMR
  66 0048 01 64	    mov r1, #PTC_ADDRESS & 0xFF
  67 004A F1 7F	    movt r1, #(PTC_ADDRESS >> 8) & 0xFF
  68 004C 10 29	    strb r0, [r1, #PTC_TMR]
  69 004E 0F B7	    mov pc, lr
  70           	
  71           	ptc_get_value:;TC
  72 0050 01 64	    mov r1, #PTC_ADDRESS & 0xFF
  73 0052 F1 7F	    movt r1, #(PTC_ADDRESS >> 8) & 0xFF
  74 0054 10 0A	    ldrb r0, [r1, #PTC_TC]
  75 0056 0F B7	    mov pc, lr
  76           	
  77           	ptc_elapsed:
  78           	
  79           	outport_write:
  80 0058 71 0C	    ldr r1, outport_addr
  81 005A 10 28	    strb r0, [r1, #0]
  82 005C 0F B7	    mov pc, lr
  83           	
  84           	outport_init:
  85 005E 53 0C	    ldr r3, outport_status_addr
  86 0060 30 20	    str r0, [r3, #0]
  87 0062 21 0C	    ldr r1, outport_addr
  88 0064 10 28	    strb r0, [r1, #0]
  89 0066 0F B7	    mov pc, lr
  90           	
  91           	outport_addr:
  92 0068 C0 FF	    .word OUTPORT_ADDRESS
  93           	
  94           	outport_status_addr:
  95 006A 6C 00	    .word outport_status
  96           	
  97           	.data
  98           	
  99           	outport_status:
 100 006C 00	    .byte 0x00
 101           	
 102           	.section .bbs
 103           	.section .stack
 104 006E 00   	.space STACK_SIZE
 104 .... ..
 104 00AD 00
 105           	tos:
